GET - / - Sat, 11 Apr 2020 14:49:34 GMT - 3.300 ms
GET - /favicon.ico - Sat, 11 Apr 2020 14:49:34 GMT - 1.860 ms
GET - /admin/login - Sat, 11 Apr 2020 14:49:39 GMT - 1283.642 ms
POST - /admin/login - Sat, 11 Apr 2020 14:49:49 GMT - 12.108 ms
GET - /admin/dashboard - Sat, 11 Apr 2020 14:49:49 GMT - 52.291 ms
GET - / - Sun, 12 Apr 2020 17:39:21 GMT - 4.634 ms
GET - / - Sun, 12 Apr 2020 17:39:32 GMT - 4.805 ms
GET - / - Mon, 13 Apr 2020 07:18:45 GMT - 6.450 ms
GET - /favicon.ico - Mon, 13 Apr 2020 07:18:45 GMT - 1.687 ms
GET - / - Mon, 13 Apr 2020 07:18:58 GMT - 5.488 ms
GET - / - Mon, 13 Apr 2020 07:18:58 GMT - 0.497 ms
GET - / - Sat, 18 Apr 2020 20:10:52 GMT - 2.086 ms
GET - /favicon.ico - Sat, 18 Apr 2020 20:10:53 GMT - 1.484 ms
GET - /admin/login - Sat, 18 Apr 2020 20:11:01 GMT - 1018.769 ms
POST - /admin/login - Sat, 18 Apr 2020 20:11:06 GMT - 4.083 ms
GET - /admin/login - Sat, 18 Apr 2020 20:11:06 GMT - 11.429 ms
POST - /admin/login - Sat, 18 Apr 2020 20:11:14 GMT - 0.605 ms
GET - /admin/dashboard - Sat, 18 Apr 2020 20:11:14 GMT - 44.603 ms
GET - /admin/dashboard - Sat, 18 Apr 2020 20:11:18 GMT - 25.234 ms
GET - /admin/dashboard - Sat, 18 Apr 2020 20:11:19 GMT - 25.604 ms
GET - /admin/dashboard - Sat, 18 Apr 2020 20:13:36 GMT - 1094.444 ms
GET - /admin/dashboard - Sat, 18 Apr 2020 20:14:23 GMT - 856.821 ms
GET - /admin/logout - Sat, 18 Apr 2020 20:14:35 GMT - 5.545 ms
GET - /admin/login - Sat, 18 Apr 2020 20:14:35 GMT - 11.967 ms
POST - /admin/login - Sat, 18 Apr 2020 20:14:45 GMT - 0.449 ms
GET - /admin/dashboard - Sat, 18 Apr 2020 20:14:45 GMT - 33.027 ms
GET - /admin/dashboard - Sat, 18 Apr 2020 20:14:50 GMT - 26.588 ms
GET - /admin/dashboard - Sat, 18 Apr 2020 20:15:00 GMT - 1057.776 ms
GET - /admin/dashboard - Sat, 18 Apr 2020 20:15:54 GMT - 1023.330 ms
GET - /admin/logout - Sat, 18 Apr 2020 20:15:56 GMT - 5.066 ms
GET - /admin/login - Sat, 18 Apr 2020 20:15:56 GMT - 8.245 ms
POST - /admin/login - Sat, 18 Apr 2020 20:16:02 GMT - 0.434 ms
GET - /admin/dashboard - Sat, 18 Apr 2020 20:16:02 GMT - 23.506 ms
GET - /admin/logout - Sat, 18 Apr 2020 20:16:08 GMT - 0.511 ms
GET - /admin/login - Sat, 18 Apr 2020 20:16:08 GMT - 12.491 ms
POST - /admin/login - Sat, 18 Apr 2020 20:18:00 GMT - 4.888 ms
GET - /admin/dashboard - Sat, 18 Apr 2020 20:18:01 GMT - 1041.438 ms
GET - /admin/logout - Sat, 18 Apr 2020 20:18:37 GMT - 5.570 ms
GET - /admin/login - Sat, 18 Apr 2020 20:18:38 GMT - 1004.525 ms
GET - /admin/dashboard - Sat, 18 Apr 2020 20:18:47 GMT - 41.383 ms
GET - /admin/logout - Sat, 18 Apr 2020 20:18:50 GMT - 1.003 ms
GET - /admin/login - Sat, 18 Apr 2020 20:18:50 GMT - 13.949 ms
POST - /admin/login - Sat, 18 Apr 2020 20:19:00 GMT - 0.487 ms
GET - /admin/dashboard - Sat, 18 Apr 2020 20:19:00 GMT - 30.186 ms
GET - /admin/logout - Sat, 18 Apr 2020 20:19:03 GMT - 1.083 ms
GET - /admin/login - Sat, 18 Apr 2020 20:19:03 GMT - 10.370 ms
GET - /admin/ - Sat, 18 Apr 2020 20:19:50 GMT - 5.450 ms
GET - /admin/login - Sat, 18 Apr 2020 20:19:51 GMT - 1049.449 ms
POST - /admin/login - Sat, 18 Apr 2020 20:19:59 GMT - 0.474 ms
GET - /admin/dashboard - Sat, 18 Apr 2020 20:19:59 GMT - 39.470 ms
GET - / - Sat, 18 Apr 2020 20:20:04 GMT - 0.429 ms
GET - /admin - Sat, 18 Apr 2020 20:20:15 GMT - 0.562 ms
GET - /admin/dashboard - Sat, 18 Apr 2020 20:20:15 GMT - 33.008 ms
GET - /admin/logout - Sun, 19 Apr 2020 15:19:52 GMT - 5.143 ms
GET - /admin/login - Sun, 19 Apr 2020 15:19:53 GMT - 989.328 ms
POST - /admin/login - Sun, 19 Apr 2020 15:20:01 GMT - 0.527 ms
GET - /admin/login - Sun, 19 Apr 2020 15:20:01 GMT - 9.938 ms
POST - /admin/login - Sun, 19 Apr 2020 15:20:08 GMT - 0.440 ms
GET - /admin/dashboard - Sun, 19 Apr 2020 15:20:08 GMT - 43.688 ms
GET - /admin/dashboard - Sun, 19 Apr 2020 15:20:10 GMT - 24.241 ms
POST - /admin/approve - Sun, 19 Apr 2020 15:20:12 GMT - 0.466 ms
GET - /admin/dashboard - Sun, 19 Apr 2020 15:20:12 GMT - 26.933 ms
POST - /admin/approve - Sun, 19 Apr 2020 15:20:13 GMT - 0.339 ms
GET - /admin/dashboard - Sun, 19 Apr 2020 15:20:13 GMT - 21.384 ms
GET - /admin - Sun, 19 Apr 2020 15:20:15 GMT - 0.346 ms
GET - /admin/dashboard - Sun, 19 Apr 2020 15:20:15 GMT - 20.027 ms
GET - /admin/logout - Sun, 19 Apr 2020 15:20:19 GMT - 0.299 ms
GET - /admin/login - Sun, 19 Apr 2020 15:20:19 GMT - 6.934 ms
GET - /admin/ - Sun, 19 Apr 2020 15:20:23 GMT - 0.228 ms
GET - /admin/login - Sun, 19 Apr 2020 15:20:23 GMT - 7.819 ms
GET - / - Mon, 18 Dec 2023 05:58:34 GMT - 9.985 ms
GET - /dashboard - Mon, 18 Dec 2023 05:58:44 GMT - 1.581 ms
GET - / - Mon, 18 Dec 2023 06:03:17 GMT - 9.226 ms
GET - / - Mon, 18 Dec 2023 06:06:33 GMT - 8.732 ms
GET - / - Mon, 18 Dec 2023 06:06:36 GMT - 1.645 ms
GET - / - Mon, 18 Dec 2023 06:08:42 GMT - 7.573 ms
GET - / - Mon, 18 Dec 2023 06:08:45 GMT - 1.171 ms
GET - / - Mon, 18 Dec 2023 06:12:47 GMT - 7.675 ms
GET - /admin/login - Mon, 18 Dec 2023 06:41:47 GMT - 6718.243 ms
GET - /admin/dashboard - Mon, 18 Dec 2023 06:41:56 GMT - 10.566 ms
GET - /admin/login - Mon, 18 Dec 2023 06:42:41 GMT - 45.460 ms
POST - /admin/login - Mon, 18 Dec 2023 06:42:51 GMT - 3.458 ms
GET - /admin/dashboard - Mon, 18 Dec 2023 06:42:51 GMT - 1.260 ms
GET - /admin/dashboard - Mon, 18 Dec 2023 06:45:37 GMT - 10.332 ms
GET - /admin/login - Mon, 18 Dec 2023 06:45:39 GMT - 2091.421 ms
POST - /admin/login - Mon, 18 Dec 2023 06:45:48 GMT - 1.462 ms
GET - /admin/dashboard - Mon, 18 Dec 2023 06:45:48 GMT - 131.039 ms
GET - /admin/logout - Mon, 18 Dec 2023 07:12:54 GMT - 18.611 ms
GET - /admin/login - Mon, 18 Dec 2023 07:12:56 GMT - 2219.444 ms
GET - /admin/dashboard - Mon, 18 Dec 2023 07:13:06 GMT - 1.370 ms
GET - /admin/login - Mon, 18 Dec 2023 07:13:06 GMT - 35.729 ms
GET - /post - Mon, 18 Dec 2023 07:31:55 GMT - 12.422 ms
GET - /posts - Mon, 18 Dec 2023 07:32:00 GMT - 4.440 ms
GET - /admin/post - Mon, 18 Dec 2023 07:32:13 GMT - 3.855 ms
GET - / - Mon, 18 Dec 2023 07:32:20 GMT - 7.588 ms
GET - /posts - Mon, 18 Dec 2023 07:35:05 GMT - 7.067 ms
GET - /posts - Mon, 18 Dec 2023 07:38:26 GMT - 8.439 ms
GET - / - Mon, 18 Dec 2023 07:38:33 GMT - 3.800 ms
GET - /posts - Mon, 18 Dec 2023 07:38:42 GMT - 2.087 ms
GET - /post - Mon, 18 Dec 2023 07:39:02 GMT - 1.040 ms
GET - /posts - Mon, 18 Dec 2023 07:39:17 GMT - 0.563 ms
GET - /posts - Mon, 18 Dec 2023 07:53:38 GMT - 3.536 ms
GET - /posts - Mon, 18 Dec 2023 08:00:53 GMT - 9.434 ms
GET - / - Mon, 18 Dec 2023 08:00:59 GMT - 9.819 ms
GET - /admin - Mon, 18 Dec 2023 08:01:08 GMT - 12.904 ms
GET - /admin/login - Mon, 18 Dec 2023 08:01:10 GMT - 2482.997 ms
POST - /admin/login - Mon, 18 Dec 2023 08:01:20 GMT - 1.384 ms
GET - /admin/dashboard - Mon, 18 Dec 2023 08:01:20 GMT - 162.782 ms
GET - /post - Mon, 18 Dec 2023 08:01:27 GMT - 3.540 ms
GET - /admin/dashboard - Mon, 18 Dec 2023 08:01:37 GMT - 109.858 ms
GET - /post - Mon, 18 Dec 2023 16:24:11 GMT - 17.896 ms
GET - /posts - Mon, 18 Dec 2023 16:24:16 GMT - 0.818 ms
GET - /admin/dashboard - Mon, 18 Dec 2023 16:24:25 GMT - 27.448 ms
GET - /admin/login - Mon, 18 Dec 2023 16:24:26 GMT - 198.252 ms
GET - /api/posts - Tue, 19 Dec 2023 12:39:16 GMT - 11.431 ms
GET - /api/posts/2 - Tue, 19 Dec 2023 12:39:42 GMT - 5.905 ms
GET - /api/post/2 - Tue, 19 Dec 2023 12:39:52 GMT - 1.361 ms
POST - /api/post/5 - Tue, 19 Dec 2023 12:43:29 GMT - 1.022 ms
POST - /api/post - Tue, 19 Dec 2023 12:43:56 GMT - 1.365 ms
POST - /api/post - Tue, 19 Dec 2023 12:44:17 GMT - 5.363 ms
POST - /api/posts - Tue, 19 Dec 2023 12:44:27 GMT - 2.845 ms
GET - /api/posts - Tue, 19 Dec 2023 12:44:34 GMT - 0.645 ms
DELETE - /api/post/12 - Tue, 19 Dec 2023 12:45:23 GMT - 0.682 ms
DELETE - /api - Tue, 19 Dec 2023 12:52:13 GMT - 5.837 ms
POST - /api - Tue, 19 Dec 2023 13:28:08 GMT - 7.566 ms
POST - /api/post - Tue, 19 Dec 2023 13:28:18 GMT - 1.377 ms
POST - /api/post - Tue, 19 Dec 2023 13:32:33 GMT - 0.742 ms
